<?xml version="1.0" encoding="UTF-8"?>
<testsuite xmlns:xsi="http://www.w3.org/2001/XMLSchema-instance" xsi:noNamespaceSchemaLocation="https://maven.apache.org/surefire/maven-surefire-plugin/xsd/surefire-test-report-3.0.xsd" version="3.0" name="com.example.springcore.service.TrainingServiceTest" time="0.108" tests="11" errors="0" skipped="0" failures="0">
  <properties>
[...]
</properties>
  <testcase name="testGetByTraineeId" classname="com.example.springcore.service.TrainingServiceTest" time="0.054">
    <system-out><![CDATA[13:34:16 INFO  com.example.springcore.service.TrainingService - Getting trainings by traineeId: 20
]]></system-out>
  </testcase>
  <testcase name="testGetByTrainerId" classname="com.example.springcore.service.TrainingServiceTest" time="0.003">
    <system-out><![CDATA[13:34:16 INFO  com.example.springcore.service.TrainingService - Getting trainings by trainerId: 10
]]></system-out>
  </testcase>
  <testcase name="testGetById_notFound" classname="com.example.springcore.service.TrainingServiceTest" time="0.006">
    <system-out><![CDATA[13:34:16 INFO  com.example.springcore.service.TrainingService - Getting training with id: 1
]]></system-out>
  </testcase>
  <testcase name="testDeleteById_notFound" classname="com.example.springcore.service.TrainingServiceTest" time="0.004">
    <system-out><![CDATA[13:34:16 INFO  com.example.springcore.service.TrainingService - Deleting training with id: 1
13:34:16 WARN  com.example.springcore.service.TrainingService - Training with id 1 not found. Nothing was deleted.
]]></system-out>
  </testcase>
  <testcase name="testGetByTrainingType" classname="com.example.springcore.service.TrainingServiceTest" time="0.004">
    <system-out><![CDATA[13:34:16 INFO  com.example.springcore.service.TrainingService - Getting trainings by trainingType: STRENGTH
]]></system-out>
  </testcase>
  <testcase name="testGetById_found" classname="com.example.springcore.service.TrainingServiceTest" time="0.003">
    <system-out><![CDATA[13:34:16 INFO  com.example.springcore.service.TrainingService - Getting training with id: 1
]]></system-out>
  </testcase>
  <testcase name="testDeleteById_found" classname="com.example.springcore.service.TrainingServiceTest" time="0.007">
    <system-out><![CDATA[13:34:16 INFO  com.example.springcore.service.TrainingService - Deleting training with id: 1
13:34:16 INFO  com.example.springcore.service.TrainingService - Deleted training: Training(id=1, traineeId=null, trainerId=null, trainingType=null, trainingName=null, date=null, duration=null)
]]></system-out>
  </testcase>
  <testcase name="testUpdate_found" classname="com.example.springcore.service.TrainingServiceTest" time="0.003">
    <system-out><![CDATA[13:34:16 INFO  com.example.springcore.service.TrainingService - Updating training: Training(id=1, traineeId=null, trainerId=null, trainingType=null, trainingName=Pilates, date=null, duration=null)
13:34:16 INFO  com.example.springcore.service.TrainingService - Training updated successfully: Training(id=1, traineeId=null, trainerId=null, trainingType=null, trainingName=Pilates, date=null, duration=null)
]]></system-out>
  </testcase>
  <testcase name="testUpdate_notFound" classname="com.example.springcore.service.TrainingServiceTest" time="0.005">
    <system-out><![CDATA[13:34:16 INFO  com.example.springcore.service.TrainingService - Updating training: Training(id=1, traineeId=null, trainerId=null, trainingType=null, trainingName=Pilates, date=null, duration=null)
13:34:16 WARN  com.example.springcore.service.TrainingService - Training update failed. Training not found: Training(id=1, traineeId=null, trainerId=null, trainingType=null, trainingName=Pilates, date=null, duration=null)
]]></system-out>
  </testcase>
  <testcase name="testCreate" classname="com.example.springcore.service.TrainingServiceTest" time="0.007">
    <system-out><![CDATA[13:34:16 INFO  com.example.springcore.service.TrainingService - Creating training: Training(id=null, traineeId=null, trainerId=null, trainingType=null, trainingName=Yoga, date=null, duration=null)
13:34:16 INFO  com.example.springcore.service.TrainingService - Training created successfully: Training(id=1, traineeId=null, trainerId=null, trainingType=null, trainingName=Yoga, date=null, duration=null)
]]></system-out>
  </testcase>
  <testcase name="testGetAll" classname="com.example.springcore.service.TrainingServiceTest" time="0.004">
    <system-out><![CDATA[13:34:16 INFO  com.example.springcore.service.TrainingService - Getting all trainings
]]></system-out>
  </testcase>
</testsuite>